<?xml version="1.0" encoding="UTF-8"?>
<testsuite xmlns:xsi="http://www.w3.org/2001/XMLSchema-instance" xsi:noNamespaceSchemaLocation="https://maven.apache.org/surefire/maven-surefire-plugin/xsd/surefire-test-report-3.0.xsd" version="3.0" name="com.usercenter.usercenterwebjava.UserCenterWebJavaApplicationTests" time="3.189" tests="1" errors="0" skipped="0" failures="0">
  <properties>
    <property name="sun.desktop" value="windows"/>
    <property name="awt.toolkit" value="sun.awt.windows.WToolkit"/>
    <property name="file.encoding.pkg" value="sun.io"/>
    <property name="java.specification.version" value="1.8"/>
    <property name="sun.cpu.isalist" value="amd64"/>
    <property name="sun.jnu.encoding" value="GBK"/>
    <property name="java.class.path" value="F:\鱼皮之路\我的项目\UserCenter\UserCenterWebJAVA\target\test-classes;F:\鱼皮之路\我的项目\UserCenter\UserCenterWebJAVA\target\classes;C:\mavendev\repository\org\springframework\boot\spring-boot-starter-web\2.6.13\spring-boot-starter-web-2.6.13.jar;C:\mavendev\repository\org\springframework\boot\spring-boot-starter\2.6.13\spring-boot-starter-2.6.13.jar;C:\mavendev\repository\org\springframework\boot\spring-boot-starter-logging\2.6.13\spring-boot-starter-logging-2.6.13.jar;C:\mavendev\repository\ch\qos\logback\logback-classic\1.2.11\logback-classic-1.2.11.jar;C:\mavendev\repository\ch\qos\logback\logback-core\1.2.11\logback-core-1.2.11.jar;C:\mavendev\repository\org\apache\logging\log4j\log4j-to-slf4j\2.17.2\log4j-to-slf4j-2.17.2.jar;C:\mavendev\repository\org\apache\logging\log4j\log4j-api\2.17.2\log4j-api-2.17.2.jar;C:\mavendev\repository\org\slf4j\jul-to-slf4j\1.7.36\jul-to-slf4j-1.7.36.jar;C:\mavendev\repository\jakarta\annotation\jakarta.annotation-api\1.3.5\jakarta.annotation-api-1.3.5.jar;C:\mavendev\repository\org\yaml\snakeyaml\1.29\snakeyaml-1.29.jar;C:\mavendev\repository\org\springframework\boot\spring-boot-starter-json\2.6.13\spring-boot-starter-json-2.6.13.jar;C:\mavendev\repository\com\fasterxml\jackson\core\jackson-databind\2.13.4.2\jackson-databind-2.13.4.2.jar;C:\mavendev\repository\com\fasterxml\jackson\core\jackson-annotations\2.13.4\jackson-annotations-2.13.4.jar;C:\mavendev\repository\com\fasterxml\jackson\core\jackson-core\2.13.4\jackson-core-2.13.4.jar;C:\mavendev\repository\com\fasterxml\jackson\datatype\jackson-datatype-jdk8\2.13.4\jackson-datatype-jdk8-2.13.4.jar;C:\mavendev\repository\com\fasterxml\jackson\datatype\jackson-datatype-jsr310\2.13.4\jackson-datatype-jsr310-2.13.4.jar;C:\mavendev\repository\com\fasterxml\jackson\module\jackson-module-parameter-names\2.13.4\jackson-module-parameter-names-2.13.4.jar;C:\mavendev\repository\org\springframework\boot\spring-boot-starter-tomcat\2.6.13\spring-boot-starter-tomcat-2.6.13.jar;C:\mavendev\repository\org\apache\tomcat\embed\tomcat-embed-core\9.0.68\tomcat-embed-core-9.0.68.jar;C:\mavendev\repository\org\apache\tomcat\embed\tomcat-embed-el\9.0.68\tomcat-embed-el-9.0.68.jar;C:\mavendev\repository\org\apache\tomcat\embed\tomcat-embed-websocket\9.0.68\tomcat-embed-websocket-9.0.68.jar;C:\mavendev\repository\org\springframework\spring-web\5.3.23\spring-web-5.3.23.jar;C:\mavendev\repository\org\springframework\spring-beans\5.3.23\spring-beans-5.3.23.jar;C:\mavendev\repository\org\springframework\spring-webmvc\5.3.23\spring-webmvc-5.3.23.jar;C:\mavendev\repository\org\springframework\spring-aop\5.3.23\spring-aop-5.3.23.jar;C:\mavendev\repository\org\springframework\spring-context\5.3.23\spring-context-5.3.23.jar;C:\mavendev\repository\org\springframework\spring-expression\5.3.23\spring-expression-5.3.23.jar;C:\mavendev\repository\org\apache\commons\commons-lang3\3.12.0\commons-lang3-3.12.0.jar;C:\mavendev\repository\com\baomidou\mybatis-plus-boot-starter\3.5.2\mybatis-plus-boot-starter-3.5.2.jar;C:\mavendev\repository\com\baomidou\mybatis-plus\3.5.2\mybatis-plus-3.5.2.jar;C:\mavendev\repository\com\baomidou\mybatis-plus-extension\3.5.2\mybatis-plus-extension-3.5.2.jar;C:\mavendev\repository\com\baomidou\mybatis-plus-core\3.5.2\mybatis-plus-core-3.5.2.jar;C:\mavendev\repository\com\baomidou\mybatis-plus-annotation\3.5.2\mybatis-plus-annotation-3.5.2.jar;C:\mavendev\repository\com\github\jsqlparser\jsqlparser\4.4\jsqlparser-4.4.jar;C:\mavendev\repository\org\jetbrains\kotlin\kotlin-stdlib-jdk8\1.6.21\kotlin-stdlib-jdk8-1.6.21.jar;C:\mavendev\repository\org\jetbrains\kotlin\kotlin-stdlib\1.6.21\kotlin-stdlib-1.6.21.jar;C:\mavendev\repository\org\jetbrains\kotlin\kotlin-stdlib-common\1.6.21\kotlin-stdlib-common-1.6.21.jar;C:\mavendev\repository\org\jetbrains\annotations\13.0\annotations-13.0.jar;C:\mavendev\repository\org\jetbrains\kotlin\kotlin-stdlib-jdk7\1.6.21\kotlin-stdlib-jdk7-1.6.21.jar;C:\mavendev\repository\org\springframework\boot\spring-boot-autoconfigure\2.6.13\spring-boot-autoconfigure-2.6.13.jar;C:\mavendev\repository\org\springframework\boot\spring-boot-starter-jdbc\2.6.13\spring-boot-starter-jdbc-2.6.13.jar;C:\mavendev\repository\com\zaxxer\HikariCP\4.0.3\HikariCP-4.0.3.jar;C:\mavendev\repository\org\springframework\spring-jdbc\5.3.23\spring-jdbc-5.3.23.jar;C:\mavendev\repository\org\springframework\spring-tx\5.3.23\spring-tx-5.3.23.jar;C:\mavendev\repository\org\mybatis\spring\boot\mybatis-spring-boot-starter\2.2.2\mybatis-spring-boot-starter-2.2.2.jar;C:\mavendev\repository\org\mybatis\spring\boot\mybatis-spring-boot-autoconfigure\2.2.2\mybatis-spring-boot-autoconfigure-2.2.2.jar;C:\mavendev\repository\org\mybatis\mybatis\3.5.9\mybatis-3.5.9.jar;C:\mavendev\repository\org\mybatis\mybatis-spring\2.0.7\mybatis-spring-2.0.7.jar;C:\mavendev\repository\org\springframework\boot\spring-boot-devtools\2.6.13\spring-boot-devtools-2.6.13.jar;C:\mavendev\repository\org\springframework\boot\spring-boot\2.6.13\spring-boot-2.6.13.jar;C:\mavendev\repository\com\mysql\mysql-connector-j\8.0.31\mysql-connector-j-8.0.31.jar;C:\mavendev\repository\org\springframework\boot\spring-boot-configuration-processor\2.6.13\spring-boot-configuration-processor-2.6.13.jar;C:\mavendev\repository\org\projectlombok\lombok\1.18.24\lombok-1.18.24.jar;C:\mavendev\repository\org\springframework\boot\spring-boot-starter-test\2.6.13\spring-boot-starter-test-2.6.13.jar;C:\mavendev\repository\org\springframework\boot\spring-boot-test\2.6.13\spring-boot-test-2.6.13.jar;C:\mavendev\repository\org\springframework\boot\spring-boot-test-autoconfigure\2.6.13\spring-boot-test-autoconfigure-2.6.13.jar;C:\mavendev\repository\com\jayway\jsonpath\json-path\2.6.0\json-path-2.6.0.jar;C:\mavendev\repository\net\minidev\json-smart\2.4.8\json-smart-2.4.8.jar;C:\mavendev\repository\net\minidev\accessors-smart\2.4.8\accessors-smart-2.4.8.jar;C:\mavendev\repository\org\ow2\asm\asm\9.1\asm-9.1.jar;C:\mavendev\repository\org\slf4j\slf4j-api\1.7.36\slf4j-api-1.7.36.jar;C:\mavendev\repository\jakarta\xml\bind\jakarta.xml.bind-api\2.3.3\jakarta.xml.bind-api-2.3.3.jar;C:\mavendev\repository\jakarta\activation\jakarta.activation-api\1.2.2\jakarta.activation-api-1.2.2.jar;C:\mavendev\repository\org\assertj\assertj-core\3.21.0\assertj-core-3.21.0.jar;C:\mavendev\repository\org\hamcrest\hamcrest\2.2\hamcrest-2.2.jar;C:\mavendev\repository\org\junit\jupiter\junit-jupiter\5.8.2\junit-jupiter-5.8.2.jar;C:\mavendev\repository\org\junit\jupiter\junit-jupiter-api\5.8.2\junit-jupiter-api-5.8.2.jar;C:\mavendev\repository\org\opentest4j\opentest4j\1.2.0\opentest4j-1.2.0.jar;C:\mavendev\repository\org\junit\platform\junit-platform-commons\1.8.2\junit-platform-commons-1.8.2.jar;C:\mavendev\repository\org\apiguardian\apiguardian-api\1.1.2\apiguardian-api-1.1.2.jar;C:\mavendev\repository\org\junit\jupiter\junit-jupiter-params\5.8.2\junit-jupiter-params-5.8.2.jar;C:\mavendev\repository\org\junit\jupiter\junit-jupiter-engine\5.8.2\junit-jupiter-engine-5.8.2.jar;C:\mavendev\repository\org\junit\platform\junit-platform-engine\1.8.2\junit-platform-engine-1.8.2.jar;C:\mavendev\repository\org\mockito\mockito-core\4.0.0\mockito-core-4.0.0.jar;C:\mavendev\repository\net\bytebuddy\byte-buddy\1.11.22\byte-buddy-1.11.22.jar;C:\mavendev\repository\net\bytebuddy\byte-buddy-agent\1.11.22\byte-buddy-agent-1.11.22.jar;C:\mavendev\repository\org\objenesis\objenesis\3.2\objenesis-3.2.jar;C:\mavendev\repository\org\mockito\mockito-junit-jupiter\4.0.0\mockito-junit-jupiter-4.0.0.jar;C:\mavendev\repository\org\skyscreamer\jsonassert\1.5.1\jsonassert-1.5.1.jar;C:\mavendev\repository\com\vaadin\external\google\android-json\0.0.20131108.vaadin1\android-json-0.0.20131108.vaadin1.jar;C:\mavendev\repository\org\springframework\spring-core\5.3.23\spring-core-5.3.23.jar;C:\mavendev\repository\org\springframework\spring-jcl\5.3.23\spring-jcl-5.3.23.jar;C:\mavendev\repository\org\springframework\spring-test\5.3.23\spring-test-5.3.23.jar;C:\mavendev\repository\org\xmlunit\xmlunit-core\2.8.4\xmlunit-core-2.8.4.jar;C:\mavendev\repository\junit\junit\4.13.2\junit-4.13.2.jar;C:\mavendev\repository\org\hamcrest\hamcrest-core\2.2\hamcrest-core-2.2.jar;"/>
    <property name="java.vm.vendor" value="Oracle Corporation"/>
    <property name="sun.arch.data.model" value="64"/>
    <property name="user.variant" value=""/>
    <property name="java.vendor.url" value="http://java.oracle.com/"/>
    <property name="user.timezone" value="Asia/Shanghai"/>
    <property name="java.vm.specification.version" value="1.8"/>
    <property name="os.name" value="Windows 10"/>
    <property name="user.country" value="CN"/>
    <property name="sun.java.launcher" value="SUN_STANDARD"/>
    <property name="sun.boot.library.path" value="C:\Program Files\Java\jdk1.8.0_162\jre\bin"/>
    <property name="sun.java.command" value="C:\Users\17929\AppData\Local\Temp\surefire4612866671901593962\surefirebooter-20250306102759156_3.jar C:\Users\17929\AppData\Local\Temp\surefire4612866671901593962 2025-03-06T10-27-58_604-jvmRun1 surefire-20250306102759156_1tmp surefire_0-20250306102759156_2tmp"/>
    <property name="surefire.test.class.path" value="F:\鱼皮之路\我的项目\UserCenter\UserCenterWebJAVA\target\test-classes;F:\鱼皮之路\我的项目\UserCenter\UserCenterWebJAVA\target\classes;C:\mavendev\repository\org\springframework\boot\spring-boot-starter-web\2.6.13\spring-boot-starter-web-2.6.13.jar;C:\mavendev\repository\org\springframework\boot\spring-boot-starter\2.6.13\spring-boot-starter-2.6.13.jar;C:\mavendev\repository\org\springframework\boot\spring-boot-starter-logging\2.6.13\spring-boot-starter-logging-2.6.13.jar;C:\mavendev\repository\ch\qos\logback\logback-classic\1.2.11\logback-classic-1.2.11.jar;C:\mavendev\repository\ch\qos\logback\logback-core\1.2.11\logback-core-1.2.11.jar;C:\mavendev\repository\org\apache\logging\log4j\log4j-to-slf4j\2.17.2\log4j-to-slf4j-2.17.2.jar;C:\mavendev\repository\org\apache\logging\log4j\log4j-api\2.17.2\log4j-api-2.17.2.jar;C:\mavendev\repository\org\slf4j\jul-to-slf4j\1.7.36\jul-to-slf4j-1.7.36.jar;C:\mavendev\repository\jakarta\annotation\jakarta.annotation-api\1.3.5\jakarta.annotation-api-1.3.5.jar;C:\mavendev\repository\org\yaml\snakeyaml\1.29\snakeyaml-1.29.jar;C:\mavendev\repository\org\springframework\boot\spring-boot-starter-json\2.6.13\spring-boot-starter-json-2.6.13.jar;C:\mavendev\repository\com\fasterxml\jackson\core\jackson-databind\2.13.4.2\jackson-databind-2.13.4.2.jar;C:\mavendev\repository\com\fasterxml\jackson\core\jackson-annotations\2.13.4\jackson-annotations-2.13.4.jar;C:\mavendev\repository\com\fasterxml\jackson\core\jackson-core\2.13.4\jackson-core-2.13.4.jar;C:\mavendev\repository\com\fasterxml\jackson\datatype\jackson-datatype-jdk8\2.13.4\jackson-datatype-jdk8-2.13.4.jar;C:\mavendev\repository\com\fasterxml\jackson\datatype\jackson-datatype-jsr310\2.13.4\jackson-datatype-jsr310-2.13.4.jar;C:\mavendev\repository\com\fasterxml\jackson\module\jackson-module-parameter-names\2.13.4\jackson-module-parameter-names-2.13.4.jar;C:\mavendev\repository\org\springframework\boot\spring-boot-starter-tomcat\2.6.13\spring-boot-starter-tomcat-2.6.13.jar;C:\mavendev\repository\org\apache\tomcat\embed\tomcat-embed-core\9.0.68\tomcat-embed-core-9.0.68.jar;C:\mavendev\repository\org\apache\tomcat\embed\tomcat-embed-el\9.0.68\tomcat-embed-el-9.0.68.jar;C:\mavendev\repository\org\apache\tomcat\embed\tomcat-embed-websocket\9.0.68\tomcat-embed-websocket-9.0.68.jar;C:\mavendev\repository\org\springframework\spring-web\5.3.23\spring-web-5.3.23.jar;C:\mavendev\repository\org\springframework\spring-beans\5.3.23\spring-beans-5.3.23.jar;C:\mavendev\repository\org\springframework\spring-webmvc\5.3.23\spring-webmvc-5.3.23.jar;C:\mavendev\repository\org\springframework\spring-aop\5.3.23\spring-aop-5.3.23.jar;C:\mavendev\repository\org\springframework\spring-context\5.3.23\spring-context-5.3.23.jar;C:\mavendev\repository\org\springframework\spring-expression\5.3.23\spring-expression-5.3.23.jar;C:\mavendev\repository\org\apache\commons\commons-lang3\3.12.0\commons-lang3-3.12.0.jar;C:\mavendev\repository\com\baomidou\mybatis-plus-boot-starter\3.5.2\mybatis-plus-boot-starter-3.5.2.jar;C:\mavendev\repository\com\baomidou\mybatis-plus\3.5.2\mybatis-plus-3.5.2.jar;C:\mavendev\repository\com\baomidou\mybatis-plus-extension\3.5.2\mybatis-plus-extension-3.5.2.jar;C:\mavendev\repository\com\baomidou\mybatis-plus-core\3.5.2\mybatis-plus-core-3.5.2.jar;C:\mavendev\repository\com\baomidou\mybatis-plus-annotation\3.5.2\mybatis-plus-annotation-3.5.2.jar;C:\mavendev\repository\com\github\jsqlparser\jsqlparser\4.4\jsqlparser-4.4.jar;C:\mavendev\repository\org\jetbrains\kotlin\kotlin-stdlib-jdk8\1.6.21\kotlin-stdlib-jdk8-1.6.21.jar;C:\mavendev\repository\org\jetbrains\kotlin\kotlin-stdlib\1.6.21\kotlin-stdlib-1.6.21.jar;C:\mavendev\repository\org\jetbrains\kotlin\kotlin-stdlib-common\1.6.21\kotlin-stdlib-common-1.6.21.jar;C:\mavendev\repository\org\jetbrains\annotations\13.0\annotations-13.0.jar;C:\mavendev\repository\org\jetbrains\kotlin\kotlin-stdlib-jdk7\1.6.21\kotlin-stdlib-jdk7-1.6.21.jar;C:\mavendev\repository\org\springframework\boot\spring-boot-autoconfigure\2.6.13\spring-boot-autoconfigure-2.6.13.jar;C:\mavendev\repository\org\springframework\boot\spring-boot-starter-jdbc\2.6.13\spring-boot-starter-jdbc-2.6.13.jar;C:\mavendev\repository\com\zaxxer\HikariCP\4.0.3\HikariCP-4.0.3.jar;C:\mavendev\repository\org\springframework\spring-jdbc\5.3.23\spring-jdbc-5.3.23.jar;C:\mavendev\repository\org\springframework\spring-tx\5.3.23\spring-tx-5.3.23.jar;C:\mavendev\repository\org\mybatis\spring\boot\mybatis-spring-boot-starter\2.2.2\mybatis-spring-boot-starter-2.2.2.jar;C:\mavendev\repository\org\mybatis\spring\boot\mybatis-spring-boot-autoconfigure\2.2.2\mybatis-spring-boot-autoconfigure-2.2.2.jar;C:\mavendev\repository\org\mybatis\mybatis\3.5.9\mybatis-3.5.9.jar;C:\mavendev\repository\org\mybatis\mybatis-spring\2.0.7\mybatis-spring-2.0.7.jar;C:\mavendev\repository\org\springframework\boot\spring-boot-devtools\2.6.13\spring-boot-devtools-2.6.13.jar;C:\mavendev\repository\org\springframework\boot\spring-boot\2.6.13\spring-boot-2.6.13.jar;C:\mavendev\repository\com\mysql\mysql-connector-j\8.0.31\mysql-connector-j-8.0.31.jar;C:\mavendev\repository\org\springframework\boot\spring-boot-configuration-processor\2.6.13\spring-boot-configuration-processor-2.6.13.jar;C:\mavendev\repository\org\projectlombok\lombok\1.18.24\lombok-1.18.24.jar;C:\mavendev\repository\org\springframework\boot\spring-boot-starter-test\2.6.13\spring-boot-starter-test-2.6.13.jar;C:\mavendev\repository\org\springframework\boot\spring-boot-test\2.6.13\spring-boot-test-2.6.13.jar;C:\mavendev\repository\org\springframework\boot\spring-boot-test-autoconfigure\2.6.13\spring-boot-test-autoconfigure-2.6.13.jar;C:\mavendev\repository\com\jayway\jsonpath\json-path\2.6.0\json-path-2.6.0.jar;C:\mavendev\repository\net\minidev\json-smart\2.4.8\json-smart-2.4.8.jar;C:\mavendev\repository\net\minidev\accessors-smart\2.4.8\accessors-smart-2.4.8.jar;C:\mavendev\repository\org\ow2\asm\asm\9.1\asm-9.1.jar;C:\mavendev\repository\org\slf4j\slf4j-api\1.7.36\slf4j-api-1.7.36.jar;C:\mavendev\repository\jakarta\xml\bind\jakarta.xml.bind-api\2.3.3\jakarta.xml.bind-api-2.3.3.jar;C:\mavendev\repository\jakarta\activation\jakarta.activation-api\1.2.2\jakarta.activation-api-1.2.2.jar;C:\mavendev\repository\org\assertj\assertj-core\3.21.0\assertj-core-3.21.0.jar;C:\mavendev\repository\org\hamcrest\hamcrest\2.2\hamcrest-2.2.jar;C:\mavendev\repository\org\junit\jupiter\junit-jupiter\5.8.2\junit-jupiter-5.8.2.jar;C:\mavendev\repository\org\junit\jupiter\junit-jupiter-api\5.8.2\junit-jupiter-api-5.8.2.jar;C:\mavendev\repository\org\opentest4j\opentest4j\1.2.0\opentest4j-1.2.0.jar;C:\mavendev\repository\org\junit\platform\junit-platform-commons\1.8.2\junit-platform-commons-1.8.2.jar;C:\mavendev\repository\org\apiguardian\apiguardian-api\1.1.2\apiguardian-api-1.1.2.jar;C:\mavendev\repository\org\junit\jupiter\junit-jupiter-params\5.8.2\junit-jupiter-params-5.8.2.jar;C:\mavendev\repository\org\junit\jupiter\junit-jupiter-engine\5.8.2\junit-jupiter-engine-5.8.2.jar;C:\mavendev\repository\org\junit\platform\junit-platform-engine\1.8.2\junit-platform-engine-1.8.2.jar;C:\mavendev\repository\org\mockito\mockito-core\4.0.0\mockito-core-4.0.0.jar;C:\mavendev\repository\net\bytebuddy\byte-buddy\1.11.22\byte-buddy-1.11.22.jar;C:\mavendev\repository\net\bytebuddy\byte-buddy-agent\1.11.22\byte-buddy-agent-1.11.22.jar;C:\mavendev\repository\org\objenesis\objenesis\3.2\objenesis-3.2.jar;C:\mavendev\repository\org\mockito\mockito-junit-jupiter\4.0.0\mockito-junit-jupiter-4.0.0.jar;C:\mavendev\repository\org\skyscreamer\jsonassert\1.5.1\jsonassert-1.5.1.jar;C:\mavendev\repository\com\vaadin\external\google\android-json\0.0.20131108.vaadin1\android-json-0.0.20131108.vaadin1.jar;C:\mavendev\repository\org\springframework\spring-core\5.3.23\spring-core-5.3.23.jar;C:\mavendev\repository\org\springframework\spring-jcl\5.3.23\spring-jcl-5.3.23.jar;C:\mavendev\repository\org\springframework\spring-test\5.3.23\spring-test-5.3.23.jar;C:\mavendev\repository\org\xmlunit\xmlunit-core\2.8.4\xmlunit-core-2.8.4.jar;C:\mavendev\repository\junit\junit\4.13.2\junit-4.13.2.jar;C:\mavendev\repository\org\hamcrest\hamcrest-core\2.2\hamcrest-core-2.2.jar;"/>
    <property name="sun.cpu.endian" value="little"/>
    <property name="user.home" value="C:\Users\17929"/>
    <property name="user.language" value="zh"/>
    <property name="java.specification.vendor" value="Oracle Corporation"/>
    <property name="java.home" value="C:\Program Files\Java\jdk1.8.0_162\jre"/>
    <property name="basedir" value="F:\鱼皮之路\我的项目\UserCenter\UserCenterWebJAVA"/>
    <property name="file.separator" value="\"/>
    <property name="line.separator" value="&#10;"/>
    <property name="java.vm.specification.vendor" value="Oracle Corporation"/>
    <property name="java.specification.name" value="Java Platform API Specification"/>
    <property name="FILE_LOG_CHARSET" value="GBK"/>
    <property name="java.awt.graphicsenv" value="sun.awt.Win32GraphicsEnvironment"/>
    <property name="java.awt.headless" value="true"/>
    <property name="surefire.real.class.path" value="C:\Users\17929\AppData\Local\Temp\surefire4612866671901593962\surefirebooter-20250306102759156_3.jar"/>
    <property name="sun.boot.class.path" value="C:\Program Files\Java\jdk1.8.0_162\jre\lib\resources.jar;C:\Program Files\Java\jdk1.8.0_162\jre\lib\rt.jar;C:\Program Files\Java\jdk1.8.0_162\jre\lib\sunrsasign.jar;C:\Program Files\Java\jdk1.8.0_162\jre\lib\jsse.jar;C:\Program Files\Java\jdk1.8.0_162\jre\lib\jce.jar;C:\Program Files\Java\jdk1.8.0_162\jre\lib\charsets.jar;C:\Program Files\Java\jdk1.8.0_162\jre\lib\jfr.jar;C:\Program Files\Java\jdk1.8.0_162\jre\classes"/>
    <property name="user.script" value=""/>
    <property name="sun.management.compiler" value="HotSpot 64-Bit Tiered Compilers"/>
    <property name="java.runtime.version" value="1.8.0_162-b12"/>
    <property name="user.name" value="17929"/>
    <property name="path.separator" value=";"/>
    <property name="os.version" value="10.0"/>
    <property name="java.endorsed.dirs" value="C:\Program Files\Java\jdk1.8.0_162\jre\lib\endorsed"/>
    <property name="java.runtime.name" value="Java(TM) SE Runtime Environment"/>
    <property name="file.encoding" value="GBK"/>
    <property name="spring.beaninfo.ignore" value="true"/>
    <property name="java.vm.name" value="Java HotSpot(TM) 64-Bit Server VM"/>
    <property name="localRepository" value="C:\mavendev\repository"/>
    <property name="java.vendor.url.bug" value="http://bugreport.sun.com/bugreport/"/>
    <property name="java.io.tmpdir" value="C:\Users\17929\AppData\Local\Temp\"/>
    <property name="idea.version" value="2024.3.4"/>
    <property name="java.version" value="1.8.0_162"/>
    <property name="user.dir" value="F:\鱼皮之路\我的项目\UserCenter\UserCenterWebJAVA"/>
    <property name="os.arch" value="amd64"/>
    <property name="java.vm.specification.name" value="Java Virtual Machine Specification"/>
    <property name="PID" value="19868"/>
    <property name="java.awt.printerjob" value="sun.awt.windows.WPrinterJob"/>
    <property name="sun.os.patch.level" value=""/>
    <property name="CONSOLE_LOG_CHARSET" value="GBK"/>
    <property name="java.library.path" value="C:\Program Files\Java\jdk1.8.0_162\jre\bin;C:\WINDOWS\Sun\Java\bin;C:\WINDOWS\system32;C:\WINDOWS;c:\Users\17929\AppData\Local\Programs\cursor\resources\app\bin;C:\Program Files\Common Files\Oracle\Java\javapath;D:\VMware\VMware Workstation\bin\;C:\Program Files (x86)\Common Files\Intel\Shared Libraries\redist\intel64\compiler;C:\ProgramData\Oracle\Java\javapath;C:\Windows\system32;C:\Windows;C:\Windows\System32\Wbem;C:\Windows\System32\WindowsPowerShell\v1.0\;C:\Windows\System32\OpenSSH\;D:\SOFTWARE\Bandizip;C:\Program Files\NVIDIA Corporation\NVIDIA app\NvDLISR;C:\Program Files (x86)\NVIDIA Corporation\PhysX\Common;D:\SOFTWARE\nvm;C:\Program Files\nodejs;C:\WINDOWS\system32;C:\WINDOWS;C:\WINDOWS\System32\Wbem;C:\WINDOWS\System32\WindowsPowerShell\v1.0\;C:\WINDOWS\System32\OpenSSH\;D:\SOFTWARE\NetSarang\Xshell 8\;D:\SOFTWARE\NetSarang\Xftp 8\;C:\Program Files\Git\cmd;C:\Program Files (x86)\Microsoft Visual Studio\Installer;C:\Program Files\dotnet\;C:\Users\17929\AppData\Local\Programs\Python\Python311\Scripts\;C:\Users\17929\AppData\Local\Programs\Python\Python311\;C:\Program Files\Java\jdk1.8.0_162\bin;D:\GitStack\python;D:\GitStack\python\Scripts;D:\GitStack\php;D:\GitStack\git\cmd;D:\GitStack\git\bin;C:\Users\17929\AppData\Local\Programs\Python\Python313\Scripts\;C:\Users\17929\AppData\Local\Programs\Python\Python313\;C:\Users\17929\AppData\Local\Microsoft\WindowsApps;D:\SOFTWARE\Microsoft VS Code\bin;C:\Users\17929\AppData\Local\JetBrains\Toolbox\scripts;C:\Users\17929\AppData\Local\Microsoft\WindowsApps;C:\Users\17929\AppData\Local\Programs\Ollama;C:\Users\17929\.lmstudio\bin;."/>
    <property name="java.vm.info" value="mixed mode"/>
    <property name="java.vendor" value="Oracle Corporation"/>
    <property name="java.vm.version" value="25.162-b12"/>
    <property name="java.ext.dirs" value="C:\Program Files\Java\jdk1.8.0_162\jre\lib\ext;C:\WINDOWS\Sun\Java\lib\ext"/>
    <property name="sun.io.unicode.encoding" value="UnicodeLittle"/>
    <property name="maven.repo.local" value="C:\mavendev\repository"/>
    <property name="java.class.version" value="52.0"/>
  </properties>
  <testcase name="contextLoads" classname="com.usercenter.usercenterwebjava.UserCenterWebJavaApplicationTests" time="0.198">
    <system-out><![CDATA[10:27:59.667 [main] DEBUG org.springframework.test.context.BootstrapUtils - Instantiating CacheAwareContextLoaderDelegate from class [org.springframework.test.context.cache.DefaultCacheAwareContextLoaderDelegate]
10:27:59.675 [main] DEBUG org.springframework.test.context.BootstrapUtils - Instantiating BootstrapContext using constructor [public org.springframework.test.context.support.DefaultBootstrapContext(java.lang.Class,org.springframework.test.context.CacheAwareContextLoaderDelegate)]
10:27:59.699 [main] DEBUG org.springframework.test.context.BootstrapUtils - Instantiating TestContextBootstrapper for test class [com.usercenter.usercenterwebjava.UserCenterWebJavaApplicationTests] from class [org.springframework.boot.test.context.SpringBootTestContextBootstrapper]
10:27:59.708 [main] INFO org.springframework.boot.test.context.SpringBootTestContextBootstrapper - Neither @ContextConfiguration nor @ContextHierarchy found for test class [com.usercenter.usercenterwebjava.UserCenterWebJavaApplicationTests], using SpringBootContextLoader
10:27:59.712 [main] DEBUG org.springframework.test.context.support.AbstractContextLoader - Did not detect default resource location for test class [com.usercenter.usercenterwebjava.UserCenterWebJavaApplicationTests]: class path resource [com/usercenter/usercenterwebjava/UserCenterWebJavaApplicationTests-context.xml] does not exist
10:27:59.712 [main] DEBUG org.springframework.test.context.support.AbstractContextLoader - Did not detect default resource location for test class [com.usercenter.usercenterwebjava.UserCenterWebJavaApplicationTests]: class path resource [com/usercenter/usercenterwebjava/UserCenterWebJavaApplicationTestsContext.groovy] does not exist
10:27:59.712 [main] INFO org.springframework.test.context.support.AbstractContextLoader - Could not detect default resource locations for test class [com.usercenter.usercenterwebjava.UserCenterWebJavaApplicationTests]: no resource found for suffixes {-context.xml, Context.groovy}.
10:27:59.712 [main] INFO org.springframework.test.context.support.AnnotationConfigContextLoaderUtils - Could not detect default configuration classes for test class [com.usercenter.usercenterwebjava.UserCenterWebJavaApplicationTests]: UserCenterWebJavaApplicationTests does not declare any static, non-private, non-final, nested classes annotated with @Configuration.
10:27:59.742 [main] DEBUG org.springframework.test.context.support.ActiveProfilesUtils - Could not find an 'annotation declaring class' for annotation type [org.springframework.test.context.ActiveProfiles] and class [com.usercenter.usercenterwebjava.UserCenterWebJavaApplicationTests]
10:27:59.791 [main] DEBUG org.springframework.context.annotation.ClassPathScanningCandidateComponentProvider - Identified candidate component class: file [F:\鱼皮之路\我的项目\UserCenter\UserCenterWebJAVA\target\classes\com\usercenter\usercenterwebjava\UserCenterWebJavaApplication.class]
10:27:59.792 [main] INFO org.springframework.boot.test.context.SpringBootTestContextBootstrapper - Found @SpringBootConfiguration com.usercenter.usercenterwebjava.UserCenterWebJavaApplication for test class com.usercenter.usercenterwebjava.UserCenterWebJavaApplicationTests
10:27:59.852 [main] DEBUG org.springframework.boot.test.context.SpringBootTestContextBootstrapper - @TestExecutionListeners is not present for class [com.usercenter.usercenterwebjava.UserCenterWebJavaApplicationTests]: using defaults.
10:27:59.853 [main] INFO org.springframework.boot.test.context.SpringBootTestContextBootstrapper - Loaded default TestExecutionListener class names from location [META-INF/spring.factories]: [org.springframework.boot.test.mock.mockito.MockitoTestExecutionListener, org.springframework.boot.test.mock.mockito.ResetMocksTestExecutionListener, org.springframework.boot.test.autoconfigure.restdocs.RestDocsTestExecutionListener, org.springframework.boot.test.autoconfigure.web.client.MockRestServiceServerResetTestExecutionListener, org.springframework.boot.test.autoconfigure.web.servlet.MockMvcPrintOnlyOnFailureTestExecutionListener, org.springframework.boot.test.autoconfigure.web.servlet.WebDriverTestExecutionListener, org.springframework.boot.test.autoconfigure.webservices.client.MockWebServiceServerTestExecutionListener, org.springframework.test.context.web.ServletTestExecutionListener, org.springframework.test.context.support.DirtiesContextBeforeModesTestExecutionListener, org.springframework.test.context.event.ApplicationEventsTestExecutionListener, org.springframework.test.context.support.DependencyInjectionTestExecutionListener, org.springframework.test.context.support.DirtiesContextTestExecutionListener, org.springframework.test.context.transaction.TransactionalTestExecutionListener, org.springframework.test.context.jdbc.SqlScriptsTestExecutionListener, org.springframework.test.context.event.EventPublishingTestExecutionListener]
10:27:59.871 [main] INFO org.springframework.boot.test.context.SpringBootTestContextBootstrapper - Using TestExecutionListeners: [org.springframework.test.context.web.ServletTestExecutionListener@1a5a4e19, org.springframework.test.context.support.DirtiesContextBeforeModesTestExecutionListener@7068e664, org.springframework.test.context.event.ApplicationEventsTestExecutionListener@60db1c0e, org.springframework.boot.test.mock.mockito.MockitoTestExecutionListener@3e78b6a5, org.springframework.boot.test.autoconfigure.SpringBootDependencyInjectionTestExecutionListener@769a1df5, org.springframework.test.context.support.DirtiesContextTestExecutionListener@41f69e84, org.springframework.test.context.transaction.TransactionalTestExecutionListener@7975d1d8, org.springframework.test.context.jdbc.SqlScriptsTestExecutionListener@2438dcd, org.springframework.test.context.event.EventPublishingTestExecutionListener@24105dc5, org.springframework.boot.test.mock.mockito.ResetMocksTestExecutionListener@5167f57d, org.springframework.boot.test.autoconfigure.restdocs.RestDocsTestExecutionListener@64b0598, org.springframework.boot.test.autoconfigure.web.client.MockRestServiceServerResetTestExecutionListener@18f8cd79, org.springframework.boot.test.autoconfigure.web.servlet.MockMvcPrintOnlyOnFailureTestExecutionListener@3e2055d6, org.springframework.boot.test.autoconfigure.web.servlet.WebDriverTestExecutionListener@50029372, org.springframework.boot.test.autoconfigure.webservices.client.MockWebServiceServerTestExecutionListener@e3b3b2f]
10:27:59.874 [main] DEBUG org.springframework.test.context.support.AbstractDirtiesContextTestExecutionListener - Before test class: context [DefaultTestContext@2bdd8394 testClass = UserCenterWebJavaApplicationTests, testInstance = [null], testMethod = [null], testException = [null], mergedContextConfiguration = [WebMergedContextConfiguration@5f9edf14 testClass = UserCenterWebJavaApplicationTests, locations = '{}', classes = '{class com.usercenter.usercenterwebjava.UserCenterWebJavaApplication}', contextInitializerClasses = '[]', activeProfiles = '{}', propertySourceLocations = '{}', propertySourceProperties = '{org.springframework.boot.test.context.SpringBootTestContextBootstrapper=true}', contextCustomizers = set[org.springframework.boot.test.context.filter.ExcludeFilterContextCustomizer@ba2f4ec, org.springframework.boot.test.json.DuplicateJsonObjectContextCustomizerFactory$DuplicateJsonObjectContextCustomizer@fbd1f6, org.springframework.boot.test.mock.mockito.MockitoContextCustomizer@0, org.springframework.boot.test.web.client.TestRestTemplateContextCustomizer@24313fcc, org.springframework.boot.test.autoconfigure.actuate.metrics.MetricsExportContextCustomizerFactory$DisableMetricExportContextCustomizer@55b0dcab, org.springframework.boot.test.autoconfigure.properties.PropertyMappingContextCustomizer@0, org.springframework.boot.test.autoconfigure.web.servlet.WebDriverContextCustomizerFactory$Customizer@158a8276, org.springframework.boot.test.context.SpringBootTestArgs@1, org.springframework.boot.test.context.SpringBootTestWebEnvironment@43814d18], resourceBasePath = 'src/main/webapp', contextLoader = 'org.springframework.boot.test.context.SpringBootContextLoader', parent = [null]], attributes = map['org.springframework.test.context.web.ServletTestExecutionListener.activateListener' -> true]], class annotated with @DirtiesContext [false] with mode [null].

  .   ____          _            __ _ _
 /\\ / ___'_ __ _ _(_)_ __  __ _ \ \ \ \
( ( )\___ | '_ | '_| | '_ \/ _` | \ \ \ \
 \\/  ___)| |_)| | | | | || (_| |  ) ) ) )
  '  |____| .__|_| |_|_| |_\__, | / / / /
 =========|_|==============|___/=/_/_/_/
 :: Spring Boot ::               (v2.6.13)

2025-03-06 10:28:00.136  INFO 19868 --- [           main] c.u.u.UserCenterWebJavaApplicationTests  : Starting UserCenterWebJavaApplicationTests using Java 1.8.0_162 on MYXZ-2004 with PID 19868 (started by 17929 in F:\鱼皮之路\我的项目\UserCenter\UserCenterWebJAVA)
2025-03-06 10:28:00.137  INFO 19868 --- [           main] c.u.u.UserCenterWebJavaApplicationTests  : No active profile set, falling back to 1 default profile: "default"
 _ _   |_  _ _|_. ___ _ |    _ 
| | |\/|_)(_| | |_\  |_)||_|_\ 
     /               |         
                        3.5.2 
2025-03-06 10:28:02.602  INFO 19868 --- [           main] c.u.u.UserCenterWebJavaApplicationTests  : Started UserCenterWebJavaApplicationTests in 2.7 seconds (JVM running for 3.353)
]]></system-out>
  </testcase>
</testsuite>